npm info it worked if it ends with ok
npm verb cli [
npm verb cli   'C:\\Program Files\\nodejs\\node.exe',
npm verb cli   'C:\\Program Files\\nodejs\\node_modules\\npm\\bin\\npm-cli.js',
npm verb cli   'install',
npm verb cli   '--verbose'
npm verb cli ]
npm info using npm@6.14.18
npm info using node@v14.21.3
npm verb npm-session 9b77931dce8295d6
npm info lifecycle gymnasticon@2.0.0~preinstall: gymnasticon@2.0.0
npm timing stage:loadCurrentTree Completed in 7ms
npm timing stage:loadIdealTree:cloneCurrentTree Completed in 1ms
npm timing stage:loadIdealTree:loadShrinkwrap Completed in 1ms
npm http fetch GET 304 https://registry.npmjs.org/eslint 181ms (from cache)
npm WARN deprecated eslint@6.8.0: This version is no longer supported. Please see https://eslint.org/version-support for other options.
npm http fetch GET 304 https://registry.npmjs.org/bindings 197ms (from cache)
npm http fetch GET 304 https://registry.npmjs.org/node-addon-api 202ms (from cache)
npm http fetch GET 304 https://registry.npmjs.org/debug 199ms (from cache)
npm http fetch GET 304 https://registry.npmjs.org/@sinonjs%2ffake-timers 217ms (from cache)
npm http fetch GET 304 https://registry.npmjs.org/nan 223ms (from cache)
npm http fetch GET 200 https://registry.npmjs.org/@serialport%2fparser-delimiter 233ms
npm http fetch GET 200 https://registry.npmjs.org/ajv 3ms (from cache)
npm http fetch GET 304 https://registry.npmjs.org/prebuild-install 69ms (from cache)
npm http fetch GET 304 https://registry.npmjs.org/usb 60ms (from cache)
npm http fetch GET 304 https://registry.npmjs.org/serialport 84ms (from cache)
npm http fetch GET 304 https://registry.npmjs.org/yargs 100ms (from cache)
npm http fetch GET 304 https://registry.npmjs.org/levn 65ms (from cache)
npm http fetch GET 304 https://registry.npmjs.org/tape 86ms (from cache)
npm http fetch GET 200 https://registry.npmjs.org/mkdirp 4ms (from cache)
npm http fetch GET 200 https://registry.npmjs.org/semver 5ms (from cache)
npm http fetch GET 304 https://registry.npmjs.org/chalk 81ms (from cache)
npm http fetch GET 304 https://registry.npmjs.org/table 69ms (from cache)
npm http fetch GET 304 https://registry.npmjs.org/espree 78ms (from cache)
npm http fetch GET 304 https://registry.npmjs.org/lodash 74ms (from cache)
npm http fetch GET 304 https://registry.npmjs.org/ignore 77ms (from cache)
npm http fetch GET 304 https://registry.npmjs.org/esquery 64ms (from cache)
npm http fetch GET 304 https://registry.npmjs.org/gd-ant-plus 189ms (from cache)
npm http fetch GET 304 https://registry.npmjs.org/esutils 66ms (from cache)
npm http fetch GET 304 https://registry.npmjs.org/globals 72ms (from cache)
npm http fetch GET 200 https://registry.npmjs.org/minimatch 3ms (from cache)
npm http fetch GET 304 https://registry.npmjs.org/is-glob 66ms (from cache)
npm http fetch GET 200 https://registry.npmjs.org/strip-ansi 4ms (from cache)
npm http fetch GET 304 https://registry.npmjs.org/js-yaml 70ms (from cache)
npm http fetch GET 304 https://registry.npmjs.org/regexpp 75ms (from cache)
npm http fetch GET 304 https://registry.npmjs.org/inquirer 69ms (from cache)
npm http fetch GET 304 https://registry.npmjs.org/progress 68ms (from cache)
npm http fetch GET 304 https://registry.npmjs.org/doctrine 97ms (from cache)
npm http fetch GET 304 https://registry.npmjs.org/@abandonware%2fbluetooth-hci-socket 500ms (from cache)
npm http fetch GET 304 https://registry.npmjs.org/optionator 71ms (from cache)
npm http fetch GET 304 https://registry.npmjs.org/cross-spawn 54ms (from cache)
npm http fetch GET 304 https://registry.npmjs.org/glob-parent 51ms (from cache)
npm http fetch GET 304 https://registry.npmjs.org/text-table 75ms (from cache)
npm http fetch GET 304 https://registry.npmjs.org/imurmurhash 61ms (from cache)
npm http fetch GET 304 https://registry.npmjs.org/eslint-scope 72ms (from cache)
npm http fetch GET 304 https://registry.npmjs.org/eslint-utils 68ms (from cache)
npm http fetch GET 304 https://registry.npmjs.org/import-fresh 73ms (from cache)
npm http fetch GET 304 https://registry.npmjs.org/natural-compare 61ms (from cache)
npm http fetch GET 304 https://registry.npmjs.org/eslint-visitor-keys 49ms (from cache)
npm http fetch GET 304 https://registry.npmjs.org/v8-compile-cache 67ms (from cache)
npm http fetch GET 304 https://registry.npmjs.org/file-entry-cache 69ms (from cache)
npm http fetch GET 200 https://registry.npmjs.org/uri-js 2ms (from cache)
npm http fetch GET 200 https://registry.npmjs.org/fast-deep-equal 6ms (from cache)
npm http fetch GET 200 https://registry.npmjs.org/json-schema-traverse 2ms (from cache)
npm http fetch GET 200 https://registry.npmjs.org/fast-json-stable-stringify 2ms (from cache)
npm http fetch GET 304 https://registry.npmjs.org/strip-json-comments 72ms (from cache)
npm http fetch GET 304 https://registry.npmjs.org/@babel%2fcode-frame 98ms (from cache)
npm http fetch GET 304 https://registry.npmjs.org/@abandonware%2fbleno 636ms (from cache)
npm http fetch GET 200 https://registry.npmjs.org/npmlog 9ms (from cache)
npm http fetch GET 304 https://registry.npmjs.org/json-stable-stringify-without-jsonify 71ms (from cache)
npm http fetch GET 304 https://registry.npmjs.org/@abandonware%2fnoble 646ms (from cache)
npm http fetch GET 304 https://registry.npmjs.org/functional-red-black-tree 79ms (from cache)
npm WARN deprecated npmlog@4.1.2: This package is no longer supported.
npm http fetch GET 304 https://registry.npmjs.org/file-uri-to-path 73ms (from cache)
npm http fetch GET 200 https://registry.npmjs.org/minimist 9ms (from cache)
npm http fetch GET 200 https://registry.npmjs.org/tunnel-agent 3ms (from cache)
npm http fetch GET 304 https://registry.npmjs.org/ms 80ms (from cache)
npm http fetch GET 304 https://registry.npmjs.org/@sinonjs%2fcommons 86ms (from cache)
npm http fetch GET 304 https://registry.npmjs.org/rc 69ms (from cache)
npm http fetch GET 304 https://registry.npmjs.org/pump 59ms (from cache)
npm http fetch GET 304 https://registry.npmjs.org/which-pm-runs 47ms (from cache)
npm http fetch GET 304 https://registry.npmjs.org/node-abi 66ms (from cache)
npm http fetch GET 304 https://registry.npmjs.org/simple-get 83ms (from cache)
npm http fetch GET 304 https://registry.npmjs.org/detect-libc 83ms (from cache)
npm http fetch GET 304 https://registry.npmjs.org/mkdirp-classic 80ms (from cache)
npm http fetch GET 304 https://registry.npmjs.org/github-from-package 61ms (from cache)
npm http fetch GET 304 https://registry.npmjs.org/napi-build-utils 72ms (from cache)
npm http fetch GET 304 https://registry.npmjs.org/tar-fs 123ms (from cache)
npm http fetch GET 304 https://registry.npmjs.org/noop-logger 109ms (from cache)
npm http fetch GET 304 https://registry.npmjs.org/expand-template 85ms (from cache)
npm http fetch GET 304 https://registry.npmjs.org/y18n 49ms (from cache)
npm http fetch GET 304 https://registry.npmjs.org/cliui 55ms (from cache)
npm http fetch GET 200 https://registry.npmjs.org/string-width 1ms (from cache)
npm http fetch GET 304 https://registry.npmjs.org/@serialport%2fparser-ready 97ms (from cache)
npm http fetch GET 304 https://registry.npmjs.org/@serialport%2fparser-regex 110ms (from cache)
npm http fetch GET 304 https://registry.npmjs.org/@serialport%2fbinding-mock 124ms (from cache)
npm http fetch GET 304 https://registry.npmjs.org/@serialport%2fstream 142ms (from cache)
npm http fetch GET 304 https://registry.npmjs.org/@serialport%2fparser-cctalk 107ms (from cache)
npm http fetch GET 304 https://registry.npmjs.org/@serialport%2fbindings 144ms (from cache)
npm http fetch GET 200 https://registry.npmjs.org/glob 6ms (from cache)
npm WARN deprecated glob@7.2.3: Glob versions prior to v9 are no longer supported
npm http fetch GET 304 https://registry.npmjs.org/@serialport%2fparser-readline 126ms (from cache)
npm http fetch GET 304 https://registry.npmjs.org/@serialport%2fparser-byte-length 120ms (from cache)
npm http fetch GET 304 https://registry.npmjs.org/escalade 75ms (from cache)
npm http fetch GET 304 https://registry.npmjs.org/yargs-parser 87ms (from cache)
npm http fetch GET 304 https://registry.npmjs.org/get-caller-file 70ms (from cache)
npm http fetch GET 200 https://registry.npmjs.org/inherits 4ms (from cache)
npm http fetch GET 304 https://registry.npmjs.org/type-check 64ms (from cache)
npm http fetch GET 304 https://registry.npmjs.org/has 69ms (from cache)
npm http fetch GET 304 https://registry.npmjs.org/require-directory 76ms (from cache)
npm http fetch GET 304 https://registry.npmjs.org/prelude-ls 80ms (from cache)
npm http fetch GET 304 https://registry.npmjs.org/resumer 67ms (from cache)
npm http fetch GET 304 https://registry.npmjs.org/defined 81ms (from cache)
npm http fetch GET 304 https://registry.npmjs.org/through 72ms (from cache)
npm http fetch GET 304 https://registry.npmjs.org/for-each 58ms (from cache)
npm http fetch GET 304 https://registry.npmjs.org/resolve 89ms (from cache)
npm http fetch GET 304 https://registry.npmjs.org/dotignore 48ms (from cache)
npm http fetch GET 304 https://registry.npmjs.org/function-bind 51ms (from cache)
npm http fetch GET 304 https://registry.npmjs.org/is-regex 71ms (from cache)
npm http fetch GET 304 https://registry.npmjs.org/deep-equal 67ms (from cache)
npm http fetch GET 304 https://registry.npmjs.org/object-inspect 63ms (from cache)
npm http fetch GET 304 https://registry.npmjs.org/object.assign 76ms (from cache)
npm http fetch GET 304 https://registry.npmjs.org/object-is 99ms (from cache)
npm http fetch GET 304 https://registry.npmjs.org/ansi-styles 74ms (from cache)
npm http fetch GET 304 https://registry.npmjs.org/supports-color 71ms (from cache)
npm http fetch GET 200 https://registry.npmjs.org/brace-expansion 4ms (from cache)
npm http fetch GET 304 https://registry.npmjs.org/escape-string-regexp 67ms (from cache)
npm http fetch GET 200 https://registry.npmjs.org/ansi-regex 3ms (from cache)
npm http fetch GET 304 https://registry.npmjs.org/string.prototype.trim 97ms (from cache)
npm http fetch GET 304 https://registry.npmjs.org/slice-ansi 64ms (from cache)
npm http fetch GET 304 https://registry.npmjs.org/acorn 68ms (from cache)
npm http fetch GET 304 https://registry.npmjs.org/estraverse 61ms (from cache)
npm http fetch GET 304 https://registry.npmjs.org/acorn-jsx 69ms (from cache)
npm http fetch GET 304 https://registry.npmjs.org/is-extglob 50ms (from cache)
npm http fetch GET 304 https://registry.npmjs.org/argparse 51ms (from cache)
npm http fetch GET 304 https://registry.npmjs.org/type-fest 74ms (from cache)
npm http fetch GET 304 https://registry.npmjs.org/cli-width 58ms (from cache)
npm http fetch GET 304 https://registry.npmjs.org/esprima 86ms (from cache)
npm http fetch GET 304 https://registry.npmjs.org/figures 69ms (from cache)
npm http fetch GET 304 https://registry.npmjs.org/rxjs 90ms (from cache)
npm http fetch GET 200 https://registry.npmjs.org/node-gyp 8ms (from cache)
npm http fetch GET 304 https://registry.npmjs.org/run-async 83ms (from cache)
npm http fetch GET 304 https://registry.npmjs.org/cli-cursor 81ms (from cache)
npm http fetch GET 304 https://registry.npmjs.org/mute-stream 76ms (from cache)
npm http fetch GET 304 https://registry.npmjs.org/ansi-escapes 74ms (from cache)
npm http fetch GET 304 https://registry.npmjs.org/external-editor 66ms (from cache)
npm http fetch GET 200 https://registry.npmjs.org/which 3ms (from cache)
npm http fetch GET 304 https://registry.npmjs.org/deep-is 59ms (from cache)
npm http fetch GET 304 https://registry.npmjs.org/path-key 48ms (from cache)
npm http fetch GET 304 https://registry.npmjs.org/shebang-command 44ms (from cache)
npm http fetch GET 304 https://registry.npmjs.org/@mapbox%2fnode-pre-gyp 82ms (from cache)
npm http fetch GET 200 https://registry.npmjs.org/punycode 7ms (from cache)
npm http fetch GET 304 https://registry.npmjs.org/fast-levenshtein 67ms (from cache)
npm http fetch GET 304 https://registry.npmjs.org/nice-try 66ms (from cache)
npm http fetch GET 304 https://registry.npmjs.org/word-wrap 78ms (from cache)
npm http fetch GET 304 https://registry.npmjs.org/esrecurse 62ms (from cache)
npm http fetch GET 304 https://registry.npmjs.org/parent-module 72ms (from cache)
npm http fetch GET 200 https://registry.npmjs.org/gauge 2ms (from cache)
npm WARN deprecated gauge@2.7.4: This package is no longer supported.
npm http fetch GET 304 https://registry.npmjs.org/resolve-from 51ms (from cache)
npm http fetch GET 200 https://registry.npmjs.org/set-blocking 4ms (from cache)
npm http fetch GET 200 https://registry.npmjs.org/are-we-there-yet 3ms (from cache)
npm WARN deprecated are-we-there-yet@1.1.7: This package is no longer supported.
npm http fetch GET 200 https://registry.npmjs.org/console-control-strings 3ms (from cache)
npm http fetch GET 200 https://registry.npmjs.org/safe-buffer 5ms (from cache)
npm http fetch GET 304 https://registry.npmjs.org/queue-fifo 260ms (from cache)
npm http fetch GET 304 https://registry.npmjs.org/picocolors 67ms (from cache)
npm http fetch GET 304 https://registry.npmjs.org/flat-cache 85ms (from cache)
npm http fetch GET 304 https://registry.npmjs.org/js-tokens 87ms (from cache)
npm http fetch GET 304 https://registry.npmjs.org/xpc-connect 76ms (from cache)
npm http fetch GET 200 https://registry.npmjs.org/once 6ms (from cache)
npm http fetch GET 304 https://registry.npmjs.org/@babel%2fhelper-validator-identifier 89ms (from cache)
npm http fetch GET 200 https://registry.npmjs.org/chownr 6ms (from cache)
npm http fetch GET 304 https://registry.npmjs.org/bplist-parser 81ms (from cache)
npm http fetch GET 304 https://registry.npmjs.org/deep-extend 60ms (from cache)
npm http fetch GET 200 https://registry.npmjs.org/is-fullwidth-code-point 3ms (from cache)
npm http fetch GET 304 https://registry.npmjs.org/ini 78ms (from cache)
npm http fetch GET 200 https://registry.npmjs.org/inflight 1ms (from cache)
npm WARN deprecated inflight@1.0.6: This module is not supported, and leaks memory. Do not use it. Check out lru-cache if you want a good and tested way to coalesce async requests by a key value, which is much more comprehensive and powerful.
npm http fetch GET 200 https://registry.npmjs.org/fs.realpath 7ms (from cache)
npm http fetch GET 304 https://registry.npmjs.org/simple-concat 65ms (from cache)
npm http fetch GET 304 https://registry.npmjs.org/end-of-stream 84ms (from cache)
npm http fetch GET 200 https://registry.npmjs.org/path-is-absolute 11ms (from cache)
npm http fetch GET 304 https://registry.npmjs.org/napi-thread-safe-callback 162ms (from cache)
npm http fetch GET 304 https://registry.npmjs.org/type-detect 127ms (from cache)
npm http fetch GET 304 https://registry.npmjs.org/decompress-response 93ms (from cache)
npm http fetch GET 304 https://registry.npmjs.org/wrap-ansi 80ms (from cache)
npm http fetch GET 304 https://registry.npmjs.org/emoji-regex 76ms (from cache)
npm http fetch GET 304 https://registry.npmjs.org/tar-stream 100ms (from cache)
npm http fetch GET 304 https://registry.npmjs.org/is-callable 60ms (from cache)
npm http fetch GET 304 https://registry.npmjs.org/path-parse 53ms (from cache)
npm http fetch GET 304 https://registry.npmjs.org/is-core-module 72ms (from cache)
npm http fetch GET 304 https://registry.npmjs.org/has-tostringtag 61ms (from cache)
npm http fetch GET 304 https://registry.npmjs.org/call-bound 68ms (from cache)
npm http fetch GET 304 https://registry.npmjs.org/gopd 63ms (from cache)
npm http fetch GET 304 https://registry.npmjs.org/hasown 63ms (from cache)
npm http fetch GET 304 https://registry.npmjs.org/array-buffer-byte-length 58ms (from cache)
npm http fetch GET 304 https://registry.npmjs.org/supports-preserve-symlinks-flag 95ms (from cache)
npm http fetch GET 200 https://registry.npmjs.org/isarray 4ms (from cache)
npm http fetch GET 304 https://registry.npmjs.org/@serialport%2fbinding-abstract 147ms (from cache)
npm http fetch GET 304 https://registry.npmjs.org/call-bind 63ms (from cache)
npm http fetch GET 304 https://registry.npmjs.org/get-intrinsic 66ms (from cache)
npm http fetch GET 304 https://registry.npmjs.org/is-shared-array-buffer 60ms (from cache)
npm http fetch GET 304 https://registry.npmjs.org/is-date-object 65ms (from cache)
npm http fetch GET 304 https://registry.npmjs.org/es-get-iterator 106ms (from cache)
npm http fetch GET 304 https://registry.npmjs.org/is-arguments 89ms (from cache)
npm http fetch GET 304 https://registry.npmjs.org/object-keys 70ms (from cache)
npm http fetch GET 304 https://registry.npmjs.org/which-boxed-primitive 65ms (from cache)
npm http fetch GET 304 https://registry.npmjs.org/regexp.prototype.flags 81ms (from cache)
npm http fetch GET 304 https://registry.npmjs.org/is-array-buffer 102ms (from cache)
npm http fetch GET 304 https://registry.npmjs.org/side-channel 77ms (from cache)
npm http fetch GET 200 https://registry.npmjs.org/balanced-match 8ms (from cache)
npm http fetch GET 200 https://registry.npmjs.org/concat-map 7ms (from cache)
npm http fetch GET 304 https://registry.npmjs.org/es-object-atoms 46ms (from cache)
npm http fetch GET 304 https://registry.npmjs.org/which-collection 77ms (from cache)
npm http fetch GET 304 https://registry.npmjs.org/has-symbols 45ms (from cache)
npm http fetch GET 304 https://registry.npmjs.org/define-properties 71ms (from cache)
npm http fetch GET 304 https://registry.npmjs.org/which-typed-array 78ms (from cache)
npm http fetch GET 304 https://registry.npmjs.org/has-flag 51ms (from cache)
npm http fetch GET 304 https://registry.npmjs.org/define-data-property 56ms (from cache)
npm http fetch GET 304 https://registry.npmjs.org/node-gyp-build 76ms (from cache)
npm http fetch GET 200 https://registry.npmjs.org/tar 7ms (from cache)
npm http fetch GET 304 https://registry.npmjs.org/has-property-descriptors 57ms (from cache)
npm http fetch GET 200 https://registry.npmjs.org/nopt 11ms (from cache)
npm http fetch GET 304 https://registry.npmjs.org/color-convert 94ms (from cache)
npm http fetch GET 304 https://registry.npmjs.org/es-abstract 86ms (from cache)
npm http fetch GET 200 https://registry.npmjs.org/env-paths 15ms (from cache)
npm http fetch GET 200 https://registry.npmjs.org/graceful-fs 15ms (from cache)
npm http fetch GET 304 https://registry.npmjs.org/astral-regex 87ms (from cache)
npm http fetch GET 304 https://registry.npmjs.org/sprintf-js 83ms (from cache)
npm http fetch GET 304 https://registry.npmjs.org/@types%2fw3c-web-usb 83ms (from cache)
npm http fetch GET 304 https://registry.npmjs.org/tslib 87ms (from cache)
npm http fetch GET 200 https://registry.npmjs.org/isexe 2ms (from cache)
npm http fetch GET 304 https://registry.npmjs.org/node-gyp-build 80ms (from cache)
npm WARN deprecated npmlog@5.0.1: This package is no longer supported.
npm http fetch GET 200 https://registry.npmjs.org/rimraf 5ms (from cache)
npm WARN deprecated rimraf@3.0.2: Rimraf versions prior to v4 are no longer supported
npm http fetch GET 304 https://registry.npmjs.org/restore-cursor 42ms (from cache)
npm http fetch GET 304 https://registry.npmjs.org/proc-log 77ms (from cache)
npm http fetch GET 304 https://registry.npmjs.org/chardet 54ms (from cache)
npm http fetch GET 200 https://registry.npmjs.org/aproba 1ms (from cache)
npm http fetch GET 304 https://registry.npmjs.org/iconv-lite 59ms (from cache)
npm http fetch GET 304 https://registry.npmjs.org/make-fetch-happen 76ms (from cache)
npm http fetch GET 200 https://registry.npmjs.org/wide-align 5ms (from cache)
npm http fetch GET 200 https://registry.npmjs.org/has-unicode 4ms (from cache)
npm http fetch GET 200 https://registry.npmjs.org/signal-exit 4ms (from cache)
npm http fetch GET 200 https://registry.npmjs.org/object-assign 9ms (from cache)
npm http fetch GET 200 https://registry.npmjs.org/delegates 7ms (from cache)
npm http fetch GET 200 https://registry.npmjs.org/readable-stream 15ms (from cache)
npm WARN deprecated rimraf@2.6.3: Rimraf versions prior to v4 are no longer supported
npm http fetch GET 304 https://registry.npmjs.org/make-dir 83ms (from cache)
npm http fetch GET 304 https://registry.npmjs.org/shebang-regex 90ms (from cache)
npm http fetch GET 304 https://registry.npmjs.org/exponential-backoff 119ms (from cache)
npm http fetch GET 304 https://registry.npmjs.org/tmp 103ms (from cache)
npm http fetch GET 304 https://registry.npmjs.org/node-fetch 80ms (from cache)
npm http fetch GET 200 https://registry.npmjs.org/wrappy 8ms (from cache)
npm http fetch GET 304 https://registry.npmjs.org/callsites 76ms (from cache)
npm http fetch GET 304 https://registry.npmjs.org/https-proxy-agent 87ms (from cache)
npm http fetch GET 304 https://registry.npmjs.org/big-integer 45ms (from cache)
npm http fetch GET 304 https://registry.npmjs.org/flatted 66ms (from cache)
npm http fetch GET 304 https://registry.npmjs.org/fs-constants 54ms (from cache)
npm http fetch GET 304 https://registry.npmjs.org/bl 61ms (from cache)
npm http fetch GET 304 https://registry.npmjs.org/mimic-response 72ms (from cache)
npm http fetch GET 304 https://registry.npmjs.org/es-define-property 65ms (from cache)
npm http fetch GET 304 https://registry.npmjs.org/call-bind-apply-helpers 72ms (from cache)
npm http fetch GET 304 https://registry.npmjs.org/call-bind-apply-helpers 83ms (from cache)
npm http fetch GET 304 https://registry.npmjs.org/es-errors 45ms (from cache)
npm http fetch GET 304 https://registry.npmjs.org/set-function-length 66ms (from cache)
npm http fetch GET 304 https://registry.npmjs.org/get-proto 56ms (from cache)
npm http fetch GET 304 https://registry.npmjs.org/es-define-property 52ms (from cache)
npm http fetch GET 304 https://registry.npmjs.org/math-intrinsics 64ms (from cache)
npm http fetch GET 304 https://registry.npmjs.org/is-map 56ms (from cache)
npm http fetch GET 304 https://registry.npmjs.org/is-set 50ms (from cache)
npm http fetch GET 304 https://registry.npmjs.org/stop-iteration-iterator 50ms (from cache)
npm http fetch GET 304 https://registry.npmjs.org/is-string 63ms (from cache)
npm http fetch GET 304 https://registry.npmjs.org/is-bigint 78ms (from cache)
npm http fetch GET 304 https://registry.npmjs.org/is-boolean-object 71ms (from cache)
npm http fetch GET 304 https://registry.npmjs.org/dbly-linked-list 226ms (from cache)
npm http fetch GET 304 https://registry.npmjs.org/is-number-object 65ms (from cache)
npm http fetch GET 304 https://registry.npmjs.org/set-function-name 65ms (from cache)
npm http fetch GET 304 https://registry.npmjs.org/side-channel-list 64ms (from cache)
npm http fetch GET 200 https://registry.npmjs.org/minipass 5ms (from cache)
npm http fetch GET 304 https://registry.npmjs.org/is-symbol 84ms (from cache)
npm http fetch GET 304 https://registry.npmjs.org/is-string 99ms (from cache)
npm http fetch GET 304 https://registry.npmjs.org/side-channel-map 75ms (from cache)
npm http fetch GET 200 https://registry.npmjs.org/yallist 1ms (from cache)
npm http fetch GET 304 https://registry.npmjs.org/side-channel-weakmap 45ms (from cache)
npm http fetch GET 200 https://registry.npmjs.org/minizlib 2ms (from cache)
npm http fetch GET 200 https://registry.npmjs.org/fs-minipass 3ms (from cache)
npm http fetch GET 200 https://registry.npmjs.org/abbrev 2ms (from cache)
npm http fetch GET 304 https://registry.npmjs.org/is-weakmap 61ms (from cache)
npm http fetch GET 304 https://registry.npmjs.org/available-typed-arrays 71ms (from cache)
npm http fetch GET 304 https://registry.npmjs.org/foreground-child 57ms (from cache)
npm http fetch GET 304 https://registry.npmjs.org/jackspeak 66ms (from cache)
npm http fetch GET 304 https://registry.npmjs.org/path-scurry 64ms (from cache)
npm http fetch GET 304 https://registry.npmjs.org/is-weakset 93ms (from cache)
npm http fetch GET 304 https://registry.npmjs.org/package-json-from-dist 74ms (from cache)
npm http fetch GET 304 https://registry.npmjs.org/arraybuffer.prototype.slice 58ms (from cache)
npm http fetch GET 304 https://registry.npmjs.org/data-view-buffer 50ms (from cache)
npm http fetch GET 304 https://registry.npmjs.org/color-name 68ms (from cache)
npm http fetch GET 304 https://registry.npmjs.org/data-view-byte-length 49ms (from cache)
npm http fetch GET 304 https://registry.npmjs.org/data-view-byte-offset 56ms (from cache)
npm http fetch GET 304 https://registry.npmjs.org/es-set-tostringtag 74ms (from cache)
npm http fetch GET 304 https://registry.npmjs.org/es-to-primitive 77ms (from cache)
npm http fetch GET 304 https://registry.npmjs.org/write 403ms (from cache)
npm http fetch GET 304 https://registry.npmjs.org/get-symbol-description 84ms (from cache)
npm http fetch GET 304 https://registry.npmjs.org/internal-slot 73ms (from cache)
npm http fetch GET 304 https://registry.npmjs.org/globalthis 81ms (from cache)
npm http fetch GET 304 https://registry.npmjs.org/function.prototype.name 99ms (from cache)
npm http fetch GET 304 https://registry.npmjs.org/has-proto 84ms (from cache)
npm http fetch GET 304 https://registry.npmjs.org/is-data-view 73ms (from cache)
npm http fetch GET 304 https://registry.npmjs.org/is-negative-zero 67ms (from cache)
npm http fetch GET 304 https://registry.npmjs.org/is-typed-array 59ms (from cache)
npm http fetch GET 304 https://registry.npmjs.org/safe-array-concat 50ms (from cache)
npm http fetch GET 304 https://registry.npmjs.org/set-proto 47ms (from cache)
npm http fetch GET 304 https://registry.npmjs.org/is-weakref 75ms (from cache)
npm http fetch GET 304 https://registry.npmjs.org/string.prototype.trimend 57ms (from cache)
npm http fetch GET 304 https://registry.npmjs.org/own-keys 75ms (from cache)
npm WARN deprecated gauge@3.0.2: This package is no longer supported.
npm WARN deprecated are-we-there-yet@2.0.0: This package is no longer supported.
npm http fetch GET 304 https://registry.npmjs.org/safe-push-apply 81ms (from cache)
npm http fetch GET 304 https://registry.npmjs.org/typed-array-buffer 65ms (from cache)
npm http fetch GET 304 https://registry.npmjs.org/safe-regex-test 81ms (from cache)
npm http fetch GET 200 https://registry.npmjs.org/safer-buffer 9ms (from cache)
npm http fetch GET 304 https://registry.npmjs.org/string.prototype.trimstart 84ms (from cache)
npm http fetch GET 304 https://registry.npmjs.org/typed-array-byte-length 62ms (from cache)
npm http fetch GET 304 https://registry.npmjs.org/unbox-primitive 48ms (from cache)
npm http fetch GET 304 https://registry.npmjs.org/typed-array-byte-offset 59ms (from cache)
npm http fetch GET 304 https://registry.npmjs.org/typed-array-length 76ms (from cache)
npm http fetch GET 304 https://registry.npmjs.org/onetime 53ms (from cache)
npm http fetch GET 304 https://registry.npmjs.org/ssri 59ms (from cache)
npm http fetch GET 304 https://registry.npmjs.org/cacache 65ms (from cache)
npm http fetch GET 304 https://registry.npmjs.org/is-lambda 66ms (from cache)
npm http fetch GET 200 https://registry.npmjs.org/code-point-at 7ms (from cache)
npm http fetch GET 304 https://registry.npmjs.org/promise-retry 69ms (from cache)
npm http fetch GET 304 https://registry.npmjs.org/negotiator 77ms (from cache)
npm http fetch GET 200 https://registry.npmjs.org/core-util-is 10ms (from cache)
npm http fetch GET 200 https://registry.npmjs.org/string_decoder 11ms (from cache)
npm http fetch GET 200 https://registry.npmjs.org/util-deprecate 13ms (from cache)
npm http fetch GET 200 https://registry.npmjs.org/process-nextick-args 9ms (from cache)
npm WARN deprecated tar@2.2.2: This version of tar is no longer supported, and will not receive security updates. Please upgrade asap.
npm http fetch GET 200 https://registry.npmjs.org/os-tmpdir 10ms (from cache)
npm http fetch GET 304 https://registry.npmjs.org/minipass-flush 85ms (from cache)
npm http fetch GET 200 https://registry.npmjs.org/osenv 6ms (from cache)
npm WARN deprecated rimraf@2.7.1: Rimraf versions prior to v4 are no longer supported
npm WARN deprecated osenv@0.1.5: This package is no longer supported.
npm http fetch GET 200 https://registry.npmjs.org/request 5ms (from cache)
npm WARN deprecated request@2.88.2: request has been deprecated, see https://github.com/request/request/issues/3142
npm http fetch GET 304 https://registry.npmjs.org/minipass-pipeline 81ms (from cache)
npm http fetch GET 304 https://registry.npmjs.org/http-cache-semantics 76ms (from cache)
npm http fetch GET 304 https://registry.npmjs.org/minipass-fetch 108ms (from cache)
npm http fetch GET 304 https://registry.npmjs.org/whatwg-url 56ms (from cache)
npm http fetch GET 304 https://registry.npmjs.org/has-bigints 44ms (from cache)
npm http fetch GET 304 https://registry.npmjs.org/fstream 66ms (from cache)
npm http fetch GET 304 https://registry.npmjs.org/buffer 60ms (from cache)
npm WARN deprecated fstream@1.0.12: This package is no longer supported.
npm http fetch GET 304 https://registry.npmjs.org/agent-base 72ms (from cache)
npm http fetch GET 304 https://registry.npmjs.org/lodash.isequal 68ms (from cache)
npm http fetch GET 304 https://registry.npmjs.org/functions-have-names 68ms (from cache)
npm http fetch GET 304 https://registry.npmjs.org/possible-typed-array-names 61ms (from cache)
npm WARN deprecated lodash.isequal@4.5.0: This package is deprecated. Use require('node:util').isDeepStrictEqual instead.
npm http fetch GET 304 https://registry.npmjs.org/dunder-proto 83ms (from cache)
npm http fetch GET 304 https://registry.npmjs.org/@isaacs%2fcliui 60ms (from cache)
npm http fetch GET 304 https://registry.npmjs.org/dunder-proto 43ms (from cache)
npm http fetch GET 304 https://registry.npmjs.org/color-support 61ms (from cache)
npm http fetch GET 304 https://registry.npmjs.org/lru-cache 80ms (from cache)
npm http fetch GET 304 https://registry.npmjs.org/reflect.getprototypeof 59ms (from cache)
npm http fetch GET 304 https://registry.npmjs.org/p-map 51ms (from cache)
npm http fetch GET 304 https://registry.npmjs.org/lru-cache 64ms (from cache)
npm http fetch GET 304 https://registry.npmjs.org/reflect.getprototypeof 75ms (from cache)
npm http fetch GET 200 https://registry.npmjs.org/number-is-nan 10ms (from cache)
npm http fetch GET 304 https://registry.npmjs.org/@pkgjs%2fparseargs 119ms (from cache)
npm http fetch GET 200 https://registry.npmjs.org/os-homedir 4ms (from cache)
npm http fetch GET 200 https://registry.npmjs.org/qs 3ms (from cache)
npm http fetch GET 304 https://registry.npmjs.org/mimic-fn 97ms (from cache)
npm http fetch GET 200 https://registry.npmjs.org/aws4 5ms (from cache)
npm http fetch GET 200 https://registry.npmjs.org/uuid 4ms (from cache)
npm WARN deprecated uuid@3.4.0: Please upgrade  to version 7 or higher.  Older versions may use Math.random() in certain circumstances, which is known to be problematic.  See https://v8.dev/blog/math-random for details.
npm http fetch GET 200 https://registry.npmjs.org/extend 4ms (from cache)
npm http fetch GET 200 https://registry.npmjs.org/caseless 3ms (from cache)
npm http fetch GET 200 https://registry.npmjs.org/isstream 4ms (from cache)
npm http fetch GET 200 https://registry.npmjs.org/aws-sign2 8ms (from cache)
npm http fetch GET 200 https://registry.npmjs.org/form-data 9ms (from cache)
npm http fetch GET 304 https://registry.npmjs.org/@npmcli%2ffs 86ms (from cache)
npm http fetch GET 200 https://registry.npmjs.org/mime-types 8ms (from cache)
npm http fetch GET 200 https://registry.npmjs.org/tough-cookie 5ms (from cache)
npm http fetch GET 200 https://registry.npmjs.org/forever-agent 5ms (from cache)
npm http fetch GET 200 https://registry.npmjs.org/har-validator 6ms (from cache)
npm http fetch GET 304 https://registry.npmjs.org/minipass-collect 66ms (from cache)
npm WARN deprecated har-validator@5.1.5: this library is no longer supported
npm http fetch GET 200 https://registry.npmjs.org/is-typedarray 7ms (from cache)
npm http fetch GET 304 https://registry.npmjs.org/unique-filename 72ms (from cache)
npm http fetch GET 200 https://registry.npmjs.org/http-signature 7ms (from cache)
npm http fetch GET 200 https://registry.npmjs.org/combined-stream 6ms (from cache)
npm http fetch GET 200 https://registry.npmjs.org/performance-now 7ms (from cache)
npm http fetch GET 304 https://registry.npmjs.org/err-code 76ms (from cache)
npm http fetch GET 200 https://registry.npmjs.org/json-stringify-safe 9ms (from cache)
npm http fetch GET 304 https://registry.npmjs.org/retry 69ms (from cache)
npm http fetch GET 304 https://registry.npmjs.org/block-stream 69ms (from cache)
npm http fetch GET 304 https://registry.npmjs.org/@npmcli%2fagent 382ms (from cache)
npm http fetch GET 200 https://registry.npmjs.org/asynckit 4ms (from cache)
npm http fetch GET 304 https://registry.npmjs.org/minipass-sized 68ms (from cache)
npm http fetch GET 304 https://registry.npmjs.org/webidl-conversions 69ms (from cache)
npm http fetch GET 304 https://registry.npmjs.org/tr46 71ms (from cache)
npm http fetch GET 304 https://registry.npmjs.org/base64-js 64ms (from cache)
npm http fetch GET 200 https://registry.npmjs.org/mime-db 7ms (from cache)
npm http fetch GET 200 https://registry.npmjs.org/psl 7ms (from cache)
npm http fetch GET 304 https://registry.npmjs.org/encoding 76ms (from cache)
npm http fetch GET 304 https://registry.npmjs.org/ieee754 69ms (from cache)
npm http fetch GET 200 https://registry.npmjs.org/har-schema 7ms (from cache)
npm http fetch GET 200 https://registry.npmjs.org/sshpk 7ms (from cache)
npm http fetch GET 200 https://registry.npmjs.org/jsprim 6ms (from cache)
npm http fetch GET 200 https://registry.npmjs.org/assert-plus 7ms (from cache)
npm http fetch GET 200 https://registry.npmjs.org/delayed-stream 6ms (from cache)
npm http fetch GET 304 https://registry.npmjs.org/aggregate-error 68ms (from cache)
npm http fetch GET 200 https://registry.npmjs.org/asn1 8ms (from cache)
npm http fetch GET 200 https://registry.npmjs.org/getpass 5ms (from cache)
npm http fetch GET 200 https://registry.npmjs.org/jsbn 7ms (from cache)
npm http fetch GET 200 https://registry.npmjs.org/dashdash 6ms (from cache)
npm http fetch GET 200 https://registry.npmjs.org/ecc-jsbn 4ms (from cache)
npm http fetch GET 200 https://registry.npmjs.org/tweetnacl 3ms (from cache)
npm http fetch GET 200 https://registry.npmjs.org/bcrypt-pbkdf 3ms (from cache)
npm http fetch GET 200 https://registry.npmjs.org/verror 4ms (from cache)
npm http fetch GET 304 https://registry.npmjs.org/oauth-sign 138ms (from cache)
npm http fetch GET 200 https://registry.npmjs.org/extsprintf 5ms (from cache)
npm http fetch GET 200 https://registry.npmjs.org/json-schema 5ms (from cache)
npm http fetch GET 304 https://registry.npmjs.org/which-builtin-type 122ms (from cache)
npm http fetch GET 304 https://registry.npmjs.org/unique-slug 78ms (from cache)
npm http fetch GET 304 https://registry.npmjs.org/eastasianwidth 70ms (from cache)
npm http fetch GET 304 https://registry.npmjs.org/socks-proxy-agent 67ms (from cache)
npm http fetch GET 304 https://registry.npmjs.org/http-proxy-agent 70ms (from cache)
npm http fetch GET 304 https://registry.npmjs.org/clean-stack 60ms (from cache)
npm http fetch GET 304 https://registry.npmjs.org/indent-string 61ms (from cache)
npm http fetch GET 304 https://registry.npmjs.org/is-finalizationregistry 50ms (from cache)
npm http fetch GET 304 https://registry.npmjs.org/is-generator-function 51ms (from cache)
npm http fetch GET 304 https://registry.npmjs.org/is-async-function 64ms (from cache)
npm http fetch GET 304 https://registry.npmjs.org/socks 55ms (from cache)
npm http fetch GET 304 https://registry.npmjs.org/generator-function 40ms (from cache)
npm http fetch GET 304 https://registry.npmjs.org/smart-buffer 51ms (from cache)
npm http fetch GET 304 https://registry.npmjs.org/ip-address 57ms (from cache)
npm http fetch GET 304 https://registry.npmjs.org/async-function 77ms (from cache)
npm timing stage:rollbackFailedOptional Completed in 1ms
npm timing stage:runTopLevelLifecycles Completed in 3011ms
npm verb type version
npm verb stack @serialport/parser-delimiter: No matching version found for @serialport/parser-delimiter@8.0.0.
npm verb stack     at pickManifest (C:\Users\James\AppData\Roaming\nvm\v14.21.3\node_modules\npm\node_modules\npm-pick-manifest\index.js:122:13)
npm verb stack     at C:\Users\James\AppData\Roaming\nvm\v14.21.3\node_modules\npm\node_modules\pacote\lib\fetchers\registry\manifest.js:24:14
npm verb stack     at tryCatcher (C:\Users\James\AppData\Roaming\nvm\v14.21.3\node_modules\npm\node_modules\bluebird\js\release\util.js:16:23)
npm verb stack     at Promise._settlePromiseFromHandler (C:\Users\James\AppData\Roaming\nvm\v14.21.3\node_modules\npm\node_modules\bluebird\js\release\promise.js:547:31)
npm verb stack     at Promise._settlePromise (C:\Users\James\AppData\Roaming\nvm\v14.21.3\node_modules\npm\node_modules\bluebird\js\release\promise.js:604:18)
npm verb stack     at Promise._settlePromiseCtx (C:\Users\James\AppData\Roaming\nvm\v14.21.3\node_modules\npm\node_modules\bluebird\js\release\promise.js:641:10)
npm verb stack     at _drainQueueStep (C:\Users\James\AppData\Roaming\nvm\v14.21.3\node_modules\npm\node_modules\bluebird\js\release\async.js:97:12)
npm verb stack     at _drainQueue (C:\Users\James\AppData\Roaming\nvm\v14.21.3\node_modules\npm\node_modules\bluebird\js\release\async.js:86:9)
npm verb stack     at Async._drainQueues (C:\Users\James\AppData\Roaming\nvm\v14.21.3\node_modules\npm\node_modules\bluebird\js\release\async.js:102:5)
npm verb stack     at Immediate.Async.drainQueues [as _onImmediate] (C:\Users\James\AppData\Roaming\nvm\v14.21.3\node_modules\npm\node_modules\bluebird\js\release\async.js:15:14)
npm verb stack     at processImmediate (internal/timers.js:464:21)
npm verb cwd D:\Users\James\GitHub\gymnasticonV2
npm verb Windows_NT 10.0.26200
npm verb argv "C:\\Program Files\\nodejs\\node.exe" "C:\\Program Files\\nodejs\\node_modules\\npm\\bin\\npm-cli.js" "install" "--verbose"
npm verb node v14.21.3
npm verb npm  v6.14.18
npm ERR! code ETARGET
npm ERR! notarget No matching version found for @serialport/parser-delimiter@8.0.0.
npm ERR! notarget In most cases you or one of your dependencies are requesting
npm ERR! notarget a package version that doesn't exist.
npm ERR! notarget 
npm ERR! notarget It was specified as a dependency of 'gymnasticonV2'
npm ERR! notarget 
npm verb exit [ 1, true ]
npm timing npm Completed in 3371ms

npm ERR! A complete log of this run can be found in:
npm ERR!     C:\Users\James\AppData\Roaming\npm-cache\_logs\2025-11-02T01_29_15_318Z-debug.log
